Using pre-set license
Built from '2020.3/staging' branch; Version is '2020.3.4f1 (0abb6314276a) revision 703331'; Using compiler version '192528614'; Build Type 'Release'
OS: 'Windows 10 Pro; OS build 19042.1110; Version 2009; 64bit' Language: 'ru' Physical Memory: 16312 MB
BatchMode: 1, IsHumanControllingUs: 0, StartBugReporterOnCrash: 0, Is64bit: 1, IsPro: 0

 COMMAND LINE ARGUMENTS:
D:\Program Files\Unity\Hub\Editor\2020.3.4f1\Editor\Unity.exe
-adb2
-batchMode
-noUpm
-name
AssetImportWorker0
-projectPath
D:/Egor/Projects/UnityProjects/AndroidWebViewPluginForUnity3D
-logFile
Logs/AssetImportWorker0.log
-srvPort
61669
Successfully changed project path to: D:/Egor/Projects/UnityProjects/AndroidWebViewPluginForUnity3D
D:/Egor/Projects/UnityProjects/AndroidWebViewPluginForUnity3D
Using Asset Import Pipeline V2.
Refreshing native plugins compatible for Editor in 58.95 ms, found 1 plugins.
Preloading 0 native plugins for Editor in 0.00 ms.
Initialize engine version: 2020.3.4f1 (0abb6314276a)
[Subsystems] Discovering subsystems at path D:/Program Files/Unity/Hub/Editor/2020.3.4f1/Editor/Data/Resources/UnitySubsystems
[Subsystems] Discovering subsystems at path D:/Egor/Projects/UnityProjects/AndroidWebViewPluginForUnity3D/Assets
GfxDevice: creating device client; threaded=0
Direct3D:
    Version:  Direct3D 11.0 [level 11.1]
    Renderer: Radeon RX 570 Series (ID=0x67df)
    Vendor:   
    VRAM:     4041 MB
    Driver:   23.20.832.0
Initialize mono
Mono path[0] = 'D:/Program Files/Unity/Hub/Editor/2020.3.4f1/Editor/Data/Managed'
Mono path[1] = 'D:/Program Files/Unity/Hub/Editor/2020.3.4f1/Editor/Data/MonoBleedingEdge/lib/mono/unityjit'
Mono config path = 'D:/Program Files/Unity/Hub/Editor/2020.3.4f1/Editor/Data/MonoBleedingEdge/etc'
Using monoOptions --debugger-agent=transport=dt_socket,embedding=1,server=y,suspend=n,address=127.0.0.1:56384
Begin MonoManager ReloadAssembly
Registering precompiled unity dll's ...
Register platform support module: D:/Program Files/Unity/Hub/Editor/2020.3.4f1/Editor/Data/PlaybackEngines/WebGLSupport/UnityEditor.WebGL.Extensions.dll
Register platform support module: D:/Program Files/Unity/Hub/Editor/2020.3.4f1/Editor/Data/PlaybackEngines/MacStandaloneSupport/UnityEditor.OSXStandalone.Extensions.dll
Register platform support module: D:/Program Files/Unity/Hub/Editor/2020.3.4f1/Editor/Data/PlaybackEngines/WindowsStandaloneSupport/UnityEditor.WindowsStandalone.Extensions.dll
Register platform support module: D:/Program Files/Unity/Hub/Editor/2020.3.4f1/Editor/Data/PlaybackEngines/LinuxStandaloneSupport/UnityEditor.LinuxStandalone.Extensions.dll
Registered in 0.002686 seconds.
Native extension for LinuxStandalone target not found
Native extension for WindowsStandalone target not found
Native extension for OSXStandalone target not found
Native extension for WebGL target not found
Refreshing native plugins compatible for Editor in 52.28 ms, found 1 plugins.
Preloading 0 native plugins for Editor in 0.00 ms.
Mono: successfully reloaded assembly
- Completed reload, in  2.544 seconds
Platform modules already initialized, skipping
Registering precompiled user dll's ...
Registered in 0.000969 seconds.
Begin MonoManager ReloadAssembly
Native extension for LinuxStandalone target not found
Native extension for WindowsStandalone target not found
Native extension for OSXStandalone target not found
Native extension for WebGL target not found
Refreshing native plugins compatible for Editor in 53.55 ms, found 1 plugins.
Preloading 0 native plugins for Editor in 0.00 ms.
Mono: successfully reloaded assembly
- Completed reload, in  1.339 seconds
Platform modules already initialized, skipping
========================================================================
Worker process is ready to serve import requests
Launched and connected shader compiler UnityShaderCompiler.exe after 0.06 seconds
Refreshing native plugins compatible for Editor in 0.96 ms, found 1 plugins.
Preloading 0 native plugins for Editor in 0.00 ms.
Unloading 1918 Unused Serialized files (Serialized files now loaded: 0)
System memory in use before: 88.0 MB.
System memory in use after: 88.0 MB.

Unloading 33 unused Assets to reduce memory usage. Loaded Objects now: 2351.
Total: 3.394900 ms (FindLiveObjects: 0.448200 ms CreateObjectMapping: 0.192900 ms MarkObjects: 2.612400 ms  DeleteObjects: 0.138700 ms)

========================================================================
Received Import Request.
  path: Assets/Scripts/AndroidWebViewPlugin.cs
  artifactKey: Guid(410af1519a810cc4bbb08ddcc5807347) Importer(815301076,1909f56bfc062723c751e8b465ee728b)
Start importing Assets/Scripts/AndroidWebViewPlugin.cs using Guid(410af1519a810cc4bbb08ddcc5807347) Importer(815301076,1909f56bfc062723c751e8b465ee728b)  -> (artifact id: 'f22fa20cb520d2865947acc87e7fdf17') in 0.025945 seconds
  Import took 0.029099 seconds .

========================================================================
Received Import Request.
  Time since last request: 2.747233 seconds.
  path: Assets/Scripts/AndroidWebViewPlugin.cs
  artifactKey: Guid(410af1519a810cc4bbb08ddcc5807347) Importer(815301076,1909f56bfc062723c751e8b465ee728b)
Start importing Assets/Scripts/AndroidWebViewPlugin.cs using Guid(410af1519a810cc4bbb08ddcc5807347) Importer(815301076,1909f56bfc062723c751e8b465ee728b)  -> (artifact id: '51b603f090ec57912aa7a1c2ac5e18d2') in 0.003161 seconds
  Import took 0.023390 seconds .

========================================================================
Received Prepare
Registering precompiled user dll's ...
Registered in 0.000996 seconds.
Begin MonoManager ReloadAssembly
Native extension for LinuxStandalone target not found
Native extension for WindowsStandalone target not found
Native extension for OSXStandalone target not found
Native extension for WebGL target not found
Refreshing native plugins compatible for Editor in 0.90 ms, found 1 plugins.
Preloading 0 native plugins for Editor in 0.00 ms.
Mono: successfully reloaded assembly
- Completed reload, in  1.770 seconds
Platform modules already initialized, skipping
Switching build target platform(5) subTarget(0) extendedPlatform(0) -> platform(13) subTarget(537395200) extendedPlatform(0)
Refreshing native plugins compatible for Editor in 0.64 ms, found 1 plugins.
Preloading 0 native plugins for Editor in 0.00 ms.
Unloading 1911 Unused Serialized files (Serialized files now loaded: 0)
System memory in use before: 87.5 MB.
System memory in use after: 87.6 MB.

Unloading 21 unused Assets to reduce memory usage. Loaded Objects now: 2355.
Total: 3.094500 ms (FindLiveObjects: 0.316900 ms CreateObjectMapping: 0.083300 ms MarkObjects: 2.660700 ms  DeleteObjects: 0.031500 ms)

AssetImportParameters requested are different than current active one (requested -> active):
  custom:graphics/normal-map-encoding: 01000000000000000000000000000000 -> 02000000000000000000000000000000
========================================================================
Received Prepare
Refreshing native plugins compatible for Editor in 7.88 ms, found 1 plugins.
Preloading 0 native plugins for Editor in 0.00 ms.
Unloading 19 Unused Serialized files (Serialized files now loaded: 0)
System memory in use before: 50.1 MB.
System memory in use after: 50.2 MB.

Unloading 19 unused Assets to reduce memory usage. Loaded Objects now: 2355.
Total: 7.649100 ms (FindLiveObjects: 0.667100 ms CreateObjectMapping: 0.415500 ms MarkObjects: 6.514000 ms  DeleteObjects: 0.045600 ms)

AssetImportWorkerClient::OnTransportError - code=2 error=End of file
